<?xml version="1.0" encoding="UTF-8"?>
<testsuite name="NumbersTest" tests="1" skipped="0" failures="0" errors="0" timestamp="2022-12-07T12:16:47" hostname="DESKTOP-EHNMICB" time="0.391">
  <properties/>
  <testcase name="start" classname="NumbersTest" time="0.391"/>
  <system-out><![CDATA[?[1;31m
Start test 1?[0m
Enter a natural number:
> 0
This number is not natural!
?[1;31m
Start test 2?[0m
Enter a natural number:
> -1
This number is not natural!
?[1;31m
Start test 3?[0m
Enter a natural number:
> -2
This number is not natural!
?[1;31m
Start test 4?[0m
Enter a natural number:
> -3
This number is not natural!
?[1;31m
Start test 5?[0m
Enter a natural number:
> -4
This number is not natural!
?[1;31m
Start test 6?[0m
Enter a natural number:
> -5
This number is not natural!
?[1;31m
Start test 7?[0m
Enter a natural number:
> 1
This number is Odd.
It is not a Buzz number.
Explanation:
?[1;31m
Start test 8?[0m
Enter a natural number:
> 2
This number is Even.
It is not a Buzz number.
Explanation:
?[1;31m
Start test 9?[0m
Enter a natural number:
> 3
This number is Odd.
It is not a Buzz number.
Explanation:
?[1;31m
Start test 10?[0m
Enter a natural number:
> 4
This number is Even.
It is not a Buzz number.
Explanation:
?[1;31m
Start test 11?[0m
Enter a natural number:
> 5
This number is Odd.
It is not a Buzz number.
Explanation:
?[1;31m
Start test 12?[0m
Enter a natural number:
> 6
This number is Even.
It is not a Buzz number.
Explanation:
?[1;31m
Start test 13?[0m
Enter a natural number:
> 7
This number is Odd.
It is a Buzz number.
Explanation:
?[1;31m
Start test 14?[0m
Enter a natural number:
> 8
This number is Even.
It is not a Buzz number.
Explanation:
?[1;31m
Start test 15?[0m
Enter a natural number:
> 9
This number is Odd.
It is not a Buzz number.
Explanation:
?[1;31m
Start test 16?[0m
Enter a natural number:
> 10
This number is Even.
It is not a Buzz number.
Explanation:
?[1;31m
Start test 17?[0m
Enter a natural number:
> 11
This number is Odd.
It is not a Buzz number.
Explanation:
?[1;31m
Start test 18?[0m
Enter a natural number:
> 12
This number is Even.
It is not a Buzz number.
Explanation:
?[1;31m
Start test 19?[0m
Enter a natural number:
> 13
This number is Odd.
It is not a Buzz number.
Explanation:
?[1;31m
Start test 20?[0m
Enter a natural number:
> 14
This number is Even.
It is a Buzz number.
Explanation:
?[1;31m
Start test 21?[0m
Enter a natural number:
> 26156
This number is Even.
It is not a Buzz number.
Explanation:
?[1;31m
Start test 22?[0m
Enter a natural number:
> 17124
This number is Even.
It is not a Buzz number.
Explanation:
?[1;31m
Start test 23?[0m
Enter a natural number:
> 25690
This number is Even.
It is a Buzz number.
Explanation:
?[1;31m
Start test 24?[0m
Enter a natural number:
> 29281
This number is Odd.
It is a Buzz number.
Explanation:
?[1;31m
Start test 25?[0m
Enter a natural number:
> 21014
This number is Even.
It is a Buzz number.
Explanation:
?[1;31m
Start test 26?[0m
Enter a natural number:
> 17545
This number is Odd.
It is not a Buzz number.
Explanation:
?[1;31m
Start test 27?[0m
Enter a natural number:
> 29687
This number is Odd.
It is a Buzz number.
Explanation:
?[1;31m
Start test 28?[0m
Enter a natural number:
> 32559
This number is Odd.
It is not a Buzz number.
Explanation:
?[1;31m
Start test 29?[0m
Enter a natural number:
> 3607
This number is Odd.
It is a Buzz number.
Explanation:
?[1;31m
Start test 30?[0m
Enter a natural number:
> 10001
This number is Odd.
It is not a Buzz number.
Explanation:
?[1;31m
Start test 31?[0m
Enter a natural number:
> 13223
This number is Odd.
It is a Buzz number.
Explanation:
?[1;31m
Start test 32?[0m
Enter a natural number:
> 13149
This number is Odd.
It is not a Buzz number.
Explanation:
?[1;31m
Start test 33?[0m
Enter a natural number:
> 9559
This number is Odd.
It is not a Buzz number.
Explanation:
?[1;31m
Start test 34?[0m
Enter a natural number:
> 31532
This number is Even.
It is not a Buzz number.
Explanation:
?[1;31m
Start test 35?[0m
Enter a natural number:
> 32636
This number is Even.
It is not a Buzz number.
Explanation:
?[1;31m
Start test 36?[0m
Enter a natural number:
> 3736
This number is Even.
It is not a Buzz number.
Explanation:
?[1;31m
Start test 37?[0m
Enter a natural number:
> 13864
This number is Even.
It is not a Buzz number.
Explanation:
?[1;31m
Start test 38?[0m
Enter a natural number:
> 22504
This number is Even.
It is not a Buzz number.
Explanation:
?[1;31m
Start test 39?[0m
Enter a natural number:
> 13131
This number is Odd.
It is not a Buzz number.
Explanation:
?[1;31m
Start test 40?[0m
Enter a natural number:
> 2922
This number is Even.
It is not a Buzz number.
Explanation:
]]></system-out>
  <system-err><![CDATA[]]></system-err>
</testsuite>
